<?xml version="1.0" encoding="UTF-8"?>
<!-- Generated by org.testng.reporters.JUnitReportReporter -->
<testsuite hostname="DESKTOP-OS0ETNG" failures="0" tests="8" name="java4.TestUpdateUser" time="25.814" errors="0" timestamp="26 Apr 2021 03:01:38 GMT" skipped="0">
  <testcase classname="java4.TestUpdateUser" name="TestUpdateUser_1" time="4.351"/>
  <testcase classname="java4.TestUpdateUser" name="TestUpdateUser_2" time="3.264"/>
  <testcase classname="java4.TestUpdateUser" name="TestUpdateUser_3" time="3.012"/>
  <testcase classname="java4.TestUpdateUser" name="TestUpdateUser_4" time="3.363"/>
  <testcase classname="java4.TestUpdateUser" name="TestUpdateUser_5" time="2.818"/>
  <testcase classname="java4.TestUpdateUser" name="TestUpdateUser_6" time="2.808"/>
  <testcase classname="java4.TestUpdateUser" name="TestUpdateUser_7" time="3.033"/>
  <testcase classname="java4.TestUpdateUser" name="TestUpdateUser_8" time="3.165"/>
</testsuite> <!-- java4.TestUpdateUser -->
