<?xml version="1.0" encoding="UTF-8"?>
<!-- Generated by org.testng.reporters.JUnitReportReporter -->
<testsuite hostname="DESKTOP-OS0ETNG" failures="0" tests="10" name="java4.TestLogin" time="17.943" errors="0" timestamp="26 Apr 2021 01:58:33 GMT" skipped="0">
  <testcase classname="java4.TestLogin" name="TestLogin_1" time="3.884"/>
  <testcase classname="java4.TestLogin" name="TestLogin_2" time="1.589"/>
  <testcase classname="java4.TestLogin" name="TestLogin_3" time="1.467"/>
  <testcase classname="java4.TestLogin" name="TestLogin_4" time="1.373"/>
  <testcase classname="java4.TestLogin" name="TestLogin_5" time="1.553"/>
  <testcase classname="java4.TestLogin" name="TestLogin_6" time="1.577"/>
  <testcase classname="java4.TestLogin" name="TestLogin_7" time="1.824"/>
  <testcase classname="java4.TestLogin" name="TestLogin_8" time="1.492"/>
  <testcase classname="java4.TestLogin" name="TestLogin_9" time="1.602"/>
  <testcase classname="java4.TestLogin" name="TestLogin_10" time="1.582"/>
</testsuite> <!-- java4.TestLogin -->
